# JRE version: OpenJDK Runtime Environment Microsoft-11369869 (17.0.15+6) (build 17.0.15+6-LTS)
# Java VM: OpenJDK 64-Bit Server VM Microsoft-11369869 (17.0.15+6-LTS, mixed mode, sharing, tiered, compressed oops, compressed class ptrs, g1 gc, linux-amd64)
GC Precious Log:
 CPUs: 2 total, 2 available
 Memory: 7938M
 Large Page Support: Disabled
 NUMA Support: Disabled
 Compressed Oops: Enabled (32-bit)
 Heap Region Size: 1M
 Heap Min Capacity: 8M
 Heap Initial Capacity: 126M
 Heap Max Capacity: 1986M
 Pre-touch: Disabled
 Parallel Workers: 2
 Concurrent Workers: 1
 Concurrent Refinement Workers: 2
 Periodic GC: Disabled
Heap:
 garbage-first heap   total 89088K, used 54050K [0x0000000083e00000, 0x0000000100000000)
  region size 1024K, 20 young (20480K), 3 survivors (3072K)
 Metaspace       used 66922K, committed 67456K, reserved 1114112K
  class space    used 9357K, committed 9600K, reserved 1048576K
GC Heap History (20 events):
Event: 0.857 GC heap before
{Heap before GC invocations=2 (full 0):
 garbage-first heap   total 131072K, used 17157K [0x0000000083e00000, 0x0000000100000000)
  region size 1024K, 10 young (10240K), 1 survivors (1024K)
 Metaspace       used 4659K, committed 4864K, reserved 1114112K
  class space    used 558K, committed 640K, reserved 1048576K
}
Event: 0.858 GC heap after
{Heap after GC invocations=3 (full 0):
 garbage-first heap   total 131072K, used 8503K [0x0000000083e00000, 0x0000000100000000)
  region size 1024K, 2 young (2048K), 2 survivors (2048K)
 Metaspace       used 4659K, committed 4864K, reserved 1114112K
  class space    used 558K, committed 640K, reserved 1048576K
}
Event: 2.348 GC heap before
{Heap before GC invocations=3 (full 0):
 garbage-first heap   total 131072K, used 77111K [0x0000000083e00000, 0x0000000100000000)
  region size 1024K, 71 young (72704K), 2 survivors (2048K)
 Metaspace       used 21157K, committed 21504K, reserved 1114112K
  class space    used 2818K, committed 3008K, reserved 1048576K
}
Event: 2.358 GC heap after
{Heap after GC invocations=4 (full 0):
 garbage-first heap   total 131072K, used 13650K [0x0000000083e00000, 0x0000000100000000)
  region size 1024K, 7 young (7168K), 7 survivors (7168K)
 Metaspace       used 21157K, committed 21504K, reserved 1114112K
  class space    used 2818K, committed 3008K, reserved 1048576K
}
Event: 2.991 GC heap before
{Heap before GC invocations=5 (full 0):
 garbage-first heap   total 58368K, used 41298K [0x0000000083e00000, 0x0000000100000000)
  region size 1024K, 34 young (34816K), 7 survivors (7168K)
 Metaspace       used 24707K, committed 25024K, reserved 1114112K
  class space    used 3254K, committed 3392K, reserved 1048576K
}
Event: 3.003 GC heap after
{Heap after GC invocations=6 (full 0):
 garbage-first heap   total 58368K, used 16618K [0x0000000083e00000, 0x0000000100000000)
  region size 1024K, 4 young (4096K), 4 survivors (4096K)
 Metaspace       used 24707K, committed 25024K, reserved 1114112K
  class space    used 3254K, committed 3392K, reserved 1048576K
}
Event: 3.017 GC heap before
{Heap before GC invocations=6 (full 0):
 garbage-first heap   total 58368K, used 16618K [0x0000000083e00000, 0x0000000100000000)
  region size 1024K, 5 young (5120K), 4 survivors (4096K)
 Metaspace       used 24922K, committed 25280K, reserved 1114112K
  class space    used 3279K, committed 3456K, reserved 1048576K
}
Event: 3.023 GC heap after
{Heap after GC invocations=7 (full 0):
 garbage-first heap   total 58368K, used 16977K [0x0000000083e00000, 0x0000000100000000)
  region size 1024K, 1 young (1024K), 1 survivors (1024K)
 Metaspace       used 24922K, committed 25280K, reserved 1114112K
  class space    used 3279K, committed 3456K, reserved 1048576K
}
Event: 3.524 GC heap before
{Heap before GC invocations=7 (full 0):
 garbage-first heap   total 58368K, used 40529K [0x0000000083e00000, 0x0000000100000000)
  region size 1024K, 24 young (24576K), 1 survivors (1024K)
 Metaspace       used 28198K, committed 28544K, reserved 1114112K
  class space    used 3783K, committed 3968K, reserved 1048576K
}
Event: 3.528 GC heap after
{Heap after GC invocations=8 (full 0):
 garbage-first heap   total 116736K, used 18529K [0x0000000083e00000, 0x0000000100000000)
  region size 1024K, 3 young (3072K), 3 survivors (3072K)
 Metaspace       used 28198K, committed 28544K, reserved 1114112K
  class space    used 3783K, committed 3968K, reserved 1048576K
}
Event: 4.200 GC heap before
{Heap before GC invocations=8 (full 0):
 garbage-first heap   total 116736K, used 52321K [0x0000000083e00000, 0x0000000100000000)
  region size 1024K, 37 young (37888K), 3 survivors (3072K)
 Metaspace       used 35737K, committed 36160K, reserved 1114112K
  class space    used 4958K, committed 5184K, reserved 1048576K
}
Event: 4.209 GC heap after
{Heap after GC invocations=9 (full 0):
 garbage-first heap   total 116736K, used 20404K [0x0000000083e00000, 0x0000000100000000)
  region size 1024K, 4 young (4096K), 4 survivors (4096K)
 Metaspace       used 35737K, committed 36160K, reserved 1114112K
  class space    used 4958K, committed 5184K, reserved 1048576K
}
Event: 5.202 GC heap before
{Heap before GC invocations=10 (full 0):
 garbage-first heap   total 81920K, used 80820K [0x0000000083e00000, 0x0000000100000000)
  region size 1024K, 63 young (64512K), 4 survivors (4096K)
 Metaspace       used 51470K, committed 51904K, reserved 1114112K
  class space    used 7190K, committed 7360K, reserved 1048576K
}
Event: 5.212 GC heap after
{Heap after GC invocations=11 (full 0):
 garbage-first heap   total 89088K, used 23447K [0x0000000083e00000, 0x0000000100000000)
  region size 1024K, 7 young (7168K), 7 survivors (7168K)
 Metaspace       used 51470K, committed 51904K, reserved 1114112K
  class space    used 7190K, committed 7360K, reserved 1048576K
}
Event: 5.230 GC heap before
{Heap before GC invocations=11 (full 0):
 garbage-first heap   total 89088K, used 24471K [0x0000000083e00000, 0x0000000100000000)
  region size 1024K, 8 young (8192K), 7 survivors (7168K)
 Metaspace       used 51674K, committed 52096K, reserved 1114112K
  class space    used 7223K, committed 7424K, reserved 1048576K
}
Event: 5.237 GC heap after
{Heap after GC invocations=12 (full 0):
 garbage-first heap   total 89088K, used 23382K [0x0000000083e00000, 0x0000000100000000)
  region size 1024K, 1 young (1024K), 1 survivors (1024K)
 Metaspace       used 51674K, committed 52096K, reserved 1114112K
  class space    used 7223K, committed 7424K, reserved 1048576K
}
Event: 6.048 GC heap before
{Heap before GC invocations=12 (full 0):
 garbage-first heap   total 89088K, used 68438K [0x0000000083e00000, 0x0000000100000000)
  region size 1024K, 45 young (46080K), 1 survivors (1024K)
 Metaspace       used 59901K, committed 60416K, reserved 1114112K
  class space    used 8389K, committed 8640K, reserved 1048576K
}
Event: 6.058 GC heap after
{Heap after GC invocations=13 (full 0):
 garbage-first heap   total 89088K, used 26428K [0x0000000083e00000, 0x0000000100000000)
  region size 1024K, 4 young (4096K), 4 survivors (4096K)
 Metaspace       used 59901K, committed 60416K, reserved 1114112K
  class space    used 8389K, committed 8640K, reserved 1048576K
}
Event: 7.356 GC heap before
{Heap before GC invocations=14 (full 0):
 garbage-first heap   total 89088K, used 71484K [0x0000000083e00000, 0x0000000100000000)
  region size 1024K, 45 young (46080K), 4 survivors (4096K)
 Metaspace       used 66777K, committed 67328K, reserved 1114112K
  class space    used 9347K, committed 9600K, reserved 1048576K
}
Event: 7.364 GC heap after
{Heap after GC invocations=15 (full 0):
 garbage-first heap   total 89088K, used 31522K [0x0000000083e00000, 0x0000000100000000)
  region size 1024K, 3 young (3072K), 3 survivors (3072K)
 Metaspace       used 66777K, committed 67328K, reserved 1114112K
  class space    used 9347K, committed 9600K, reserved 1048576K
}

