# JRE version: OpenJDK Runtime Environment Microsoft-11369869 (17.0.15+6) (build 17.0.15+6-LTS)
# Java VM: OpenJDK 64-Bit Server VM Microsoft-11369869 (17.0.15+6-LTS, mixed mode, sharing, tiered, compressed oops, compressed class ptrs, g1 gc, linux-amd64)
GC Precious Log:
 CPUs: 2 total, 2 available
 Memory: 7938M
 Large Page Support: Disabled
 NUMA Support: Disabled
 Compressed Oops: Enabled (32-bit)
 Heap Region Size: 1M
 Heap Min Capacity: 8M
 Heap Initial Capacity: 126M
 Heap Max Capacity: 1986M
 Pre-touch: Disabled
 Parallel Workers: 2
 Concurrent Workers: 1
 Concurrent Refinement Workers: 2
 Periodic GC: Disabled
Heap:
 garbage-first heap   total 86016K, used 67676K [0x0000000083e00000, 0x0000000100000000)
  region size 1024K, 36 young (36864K), 6 survivors (6144K)
 Metaspace       used 67054K, committed 67584K, reserved 1114112K
  class space    used 9359K, committed 9600K, reserved 1048576K
GC Heap History (20 events):
Event: 0.927 GC heap before
{Heap before GC invocations=2 (full 0):
 garbage-first heap   total 131072K, used 16193K [0x0000000083e00000, 0x0000000100000000)
  region size 1024K, 10 young (10240K), 1 survivors (1024K)
 Metaspace       used 4724K, committed 4864K, reserved 1114112K
  class space    used 574K, committed 640K, reserved 1048576K
}
Event: 0.929 GC heap after
{Heap after GC invocations=3 (full 0):
 garbage-first heap   total 131072K, used 8580K [0x0000000083e00000, 0x0000000100000000)
  region size 1024K, 2 young (2048K), 2 survivors (2048K)
 Metaspace       used 4724K, committed 4864K, reserved 1114112K
  class space    used 574K, committed 640K, reserved 1048576K
}
Event: 2.388 GC heap before
{Heap before GC invocations=3 (full 0):
 garbage-first heap   total 131072K, used 77188K [0x0000000083e00000, 0x0000000100000000)
  region size 1024K, 71 young (72704K), 2 survivors (2048K)
 Metaspace       used 21140K, committed 21504K, reserved 1114112K
  class space    used 2816K, committed 3008K, reserved 1048576K
}
Event: 2.398 GC heap after
{Heap after GC invocations=4 (full 0):
 garbage-first heap   total 131072K, used 13587K [0x0000000083e00000, 0x0000000100000000)
  region size 1024K, 7 young (7168K), 7 survivors (7168K)
 Metaspace       used 21140K, committed 21504K, reserved 1114112K
  class space    used 2816K, committed 3008K, reserved 1048576K
}
Event: 2.960 GC heap before
{Heap before GC invocations=5 (full 0):
 garbage-first heap   total 58368K, used 40211K [0x0000000083e00000, 0x0000000100000000)
  region size 1024K, 34 young (34816K), 7 survivors (7168K)
 Metaspace       used 24663K, committed 24960K, reserved 1114112K
  class space    used 3249K, committed 3392K, reserved 1048576K
}
Event: 2.978 GC heap after
{Heap after GC invocations=6 (full 0):
 garbage-first heap   total 58368K, used 16732K [0x0000000083e00000, 0x0000000100000000)
  region size 1024K, 4 young (4096K), 4 survivors (4096K)
 Metaspace       used 24663K, committed 24960K, reserved 1114112K
  class space    used 3249K, committed 3392K, reserved 1048576K
}
Event: 2.996 GC heap before
{Heap before GC invocations=6 (full 0):
 garbage-first heap   total 58368K, used 17756K [0x0000000083e00000, 0x0000000100000000)
  region size 1024K, 5 young (5120K), 4 survivors (4096K)
 Metaspace       used 24839K, committed 25216K, reserved 1114112K
  class space    used 3270K, committed 3456K, reserved 1048576K
}
Event: 3.005 GC heap after
{Heap after GC invocations=7 (full 0):
 garbage-first heap   total 58368K, used 16969K [0x0000000083e00000, 0x0000000100000000)
  region size 1024K, 1 young (1024K), 1 survivors (1024K)
 Metaspace       used 24839K, committed 25216K, reserved 1114112K
  class space    used 3270K, committed 3456K, reserved 1048576K
}
Event: 3.811 GC heap before
{Heap before GC invocations=7 (full 0):
 garbage-first heap   total 58368K, used 40521K [0x0000000083e00000, 0x0000000100000000)
  region size 1024K, 24 young (24576K), 1 survivors (1024K)
 Metaspace       used 28230K, committed 28608K, reserved 1114112K
  class space    used 3788K, committed 3968K, reserved 1048576K
}
Event: 3.817 GC heap after
{Heap after GC invocations=8 (full 0):
 garbage-first heap   total 58368K, used 18616K [0x0000000083e00000, 0x0000000100000000)
  region size 1024K, 3 young (3072K), 3 survivors (3072K)
 Metaspace       used 28230K, committed 28608K, reserved 1114112K
  class space    used 3788K, committed 3968K, reserved 1048576K
}
Event: 4.256 GC heap before
{Heap before GC invocations=8 (full 0):
 garbage-first heap   total 58368K, used 41144K [0x0000000083e00000, 0x0000000100000000)
  region size 1024K, 25 young (25600K), 3 survivors (3072K)
 Metaspace       used 33668K, committed 34048K, reserved 1114112K
  class space    used 4576K, committed 4800K, reserved 1048576K
}
Event: 4.265 GC heap after
{Heap after GC invocations=9 (full 0):
 garbage-first heap   total 58368K, used 19917K [0x0000000083e00000, 0x0000000100000000)
  region size 1024K, 2 young (2048K), 2 survivors (2048K)
 Metaspace       used 33668K, committed 34048K, reserved 1114112K
  class space    used 4576K, committed 4800K, reserved 1048576K
}
Event: 4.401 GC heap before
{Heap before GC invocations=9 (full 0):
 garbage-first heap   total 58368K, used 29133K [0x0000000083e00000, 0x0000000100000000)
  region size 1024K, 12 young (12288K), 2 survivors (2048K)
 Metaspace       used 35669K, committed 36096K, reserved 1114112K
  class space    used 4958K, committed 5184K, reserved 1048576K
}
Event: 4.408 GC heap after
{Heap after GC invocations=10 (full 0):
 garbage-first heap   total 116736K, used 20248K [0x0000000083e00000, 0x0000000100000000)
  region size 1024K, 2 young (2048K), 2 survivors (2048K)
 Metaspace       used 35669K, committed 36096K, reserved 1114112K
  class space    used 4958K, committed 5184K, reserved 1048576K
}
Event: 5.256 GC heap before
{Heap before GC invocations=11 (full 0):
 garbage-first heap   total 86016K, used 69400K [0x0000000083e00000, 0x0000000100000000)
  region size 1024K, 50 young (51200K), 2 survivors (2048K)
 Metaspace       used 49347K, committed 49792K, reserved 1114112K
  class space    used 6795K, committed 6976K, reserved 1048576K
}
Event: 5.269 GC heap after
{Heap after GC invocations=12 (full 0):
 garbage-first heap   total 86016K, used 22940K [0x0000000083e00000, 0x0000000100000000)
  region size 1024K, 5 young (5120K), 5 survivors (5120K)
 Metaspace       used 49347K, committed 49792K, reserved 1114112K
  class space    used 6795K, committed 6976K, reserved 1048576K
}
Event: 6.152 GC heap before
{Heap before GC invocations=13 (full 0):
 garbage-first heap   total 86016K, used 64924K [0x0000000083e00000, 0x0000000100000000)
  region size 1024K, 46 young (47104K), 5 survivors (5120K)
 Metaspace       used 58128K, committed 58688K, reserved 1114112K
  class space    used 8171K, committed 8448K, reserved 1048576K
}
Event: 6.160 GC heap after
{Heap after GC invocations=14 (full 0):
 garbage-first heap   total 86016K, used 25524K [0x0000000083e00000, 0x0000000100000000)
  region size 1024K, 6 young (6144K), 6 survivors (6144K)
 Metaspace       used 58128K, committed 58688K, reserved 1114112K
  class space    used 8171K, committed 8448K, reserved 1048576K
}
Event: 7.242 GC heap before
{Heap before GC invocations=14 (full 0):
 garbage-first heap   total 86016K, used 65460K [0x0000000083e00000, 0x0000000100000000)
  region size 1024K, 45 young (46080K), 6 survivors (6144K)
 Metaspace       used 64424K, committed 64960K, reserved 1114112K
  class space    used 9085K, committed 9344K, reserved 1048576K
}
Event: 7.252 GC heap after
{Heap after GC invocations=15 (full 0):
 garbage-first heap   total 86016K, used 28764K [0x0000000083e00000, 0x0000000100000000)
  region size 1024K, 6 young (6144K), 6 survivors (6144K)
 Metaspace       used 64424K, committed 64960K, reserved 1114112K
  class space    used 9085K, committed 9344K, reserved 1048576K
}

