# JRE version: OpenJDK Runtime Environment Microsoft-11369869 (17.0.15+6) (build 17.0.15+6-LTS)
# Java VM: OpenJDK 64-Bit Server VM Microsoft-11369869 (17.0.15+6-LTS, mixed mode, emulated-client, sharing, tiered, compressed oops, compressed class ptrs, g1 gc, linux-amd64)
GC Precious Log:
 CPUs: 2 total, 2 available
 Memory: 7938M
 Large Page Support: Disabled
 NUMA Support: Disabled
 Compressed Oops: Enabled (32-bit)
 Heap Region Size: 1M
 Heap Min Capacity: 8M
 Heap Initial Capacity: 126M
 Heap Max Capacity: 1986M
 Pre-touch: Disabled
 Parallel Workers: 2
 Concurrent Workers: 1
 Concurrent Refinement Workers: 2
 Periodic GC: Disabled
Heap:
 garbage-first heap   total 106496K, used 64484K [0x0000000083e00000, 0x0000000100000000)
  region size 1024K, 35 young (35840K), 6 survivors (6144K)
 Metaspace       used 61291K, committed 61888K, reserved 1114112K
  class space    used 8794K, committed 9088K, reserved 1048576K
GC Heap History (20 events):
Event: 0.396 GC heap before
{Heap before GC invocations=2 (full 0):
 garbage-first heap   total 131072K, used 15340K [0x0000000083e00000, 0x0000000100000000)
  region size 1024K, 10 young (10240K), 1 survivors (1024K)
 Metaspace       used 4897K, committed 5120K, reserved 1114112K
  class space    used 667K, committed 768K, reserved 1048576K
}
Event: 0.399 GC heap after
{Heap after GC invocations=3 (full 0):
 garbage-first heap   total 131072K, used 7867K [0x0000000083e00000, 0x0000000100000000)
  region size 1024K, 2 young (2048K), 2 survivors (2048K)
 Metaspace       used 4897K, committed 5120K, reserved 1114112K
  class space    used 667K, committed 768K, reserved 1048576K
}
Event: 1.044 GC heap before
{Heap before GC invocations=3 (full 0):
 garbage-first heap   total 131072K, used 68283K [0x0000000083e00000, 0x0000000100000000)
  region size 1024K, 61 young (62464K), 2 survivors (2048K)
 Metaspace       used 16867K, committed 17280K, reserved 1114112K
  class space    used 2342K, committed 2560K, reserved 1048576K
}
Event: 1.052 GC heap after
{Heap after GC invocations=4 (full 0):
 garbage-first heap   total 131072K, used 13371K [0x0000000083e00000, 0x0000000100000000)
  region size 1024K, 7 young (7168K), 7 survivors (7168K)
 Metaspace       used 16867K, committed 17280K, reserved 1114112K
  class space    used 2342K, committed 2560K, reserved 1048576K
}
Event: 1.611 GC heap before
{Heap before GC invocations=4 (full 0):
 garbage-first heap   total 131072K, used 46139K [0x0000000083e00000, 0x0000000100000000)
  region size 1024K, 40 young (40960K), 7 survivors (7168K)
 Metaspace       used 21176K, committed 21504K, reserved 1114112K
  class space    used 3024K, committed 3200K, reserved 1048576K
}
Event: 1.621 GC heap after
{Heap after GC invocations=5 (full 0):
 garbage-first heap   total 157696K, used 15759K [0x0000000083e00000, 0x0000000100000000)
  region size 1024K, 3 young (3072K), 3 survivors (3072K)
 Metaspace       used 21176K, committed 21504K, reserved 1114112K
  class space    used 3024K, committed 3200K, reserved 1048576K
}
Event: 2.016 GC heap before
{Heap before GC invocations=6 (full 0):
 garbage-first heap   total 65536K, used 51599K [0x0000000083e00000, 0x0000000100000000)
  region size 1024K, 38 young (38912K), 3 survivors (3072K)
 Metaspace       used 28198K, committed 28608K, reserved 1114112K
  class space    used 4025K, committed 4224K, reserved 1048576K
}
Event: 2.024 GC heap after
{Heap after GC invocations=7 (full 0):
 garbage-first heap   total 65536K, used 18637K [0x0000000083e00000, 0x0000000100000000)
  region size 1024K, 3 young (3072K), 3 survivors (3072K)
 Metaspace       used 28198K, committed 28608K, reserved 1114112K
  class space    used 4025K, committed 4224K, reserved 1048576K
}
Event: 2.034 GC heap before
{Heap before GC invocations=7 (full 0):
 garbage-first heap   total 65536K, used 19661K [0x0000000083e00000, 0x0000000100000000)
  region size 1024K, 4 young (4096K), 3 survivors (3072K)
 Metaspace       used 28497K, committed 28992K, reserved 1114112K
  class space    used 4063K, committed 4288K, reserved 1048576K
}
Event: 2.037 GC heap after
{Heap after GC invocations=8 (full 0):
 garbage-first heap   total 65536K, used 19249K [0x0000000083e00000, 0x0000000100000000)
  region size 1024K, 1 young (1024K), 1 survivors (1024K)
 Metaspace       used 28497K, committed 28992K, reserved 1114112K
  class space    used 4063K, committed 4288K, reserved 1048576K
}
Event: 2.299 GC heap before
{Heap before GC invocations=8 (full 0):
 garbage-first heap   total 65536K, used 44849K [0x0000000083e00000, 0x0000000100000000)
  region size 1024K, 27 young (27648K), 1 survivors (1024K)
 Metaspace       used 34645K, committed 35072K, reserved 1114112K
  class space    used 4992K, committed 5184K, reserved 1048576K
}
Event: 2.302 GC heap after
{Heap after GC invocations=9 (full 0):
 garbage-first heap   total 65536K, used 20269K [0x0000000083e00000, 0x0000000100000000)
  region size 1024K, 2 young (2048K), 2 survivors (2048K)
 Metaspace       used 34645K, committed 35072K, reserved 1114112K
  class space    used 4992K, committed 5184K, reserved 1048576K
}
Event: 2.536 GC heap before
{Heap before GC invocations=10 (full 0):
 garbage-first heap   total 65536K, used 47917K [0x0000000083e00000, 0x0000000100000000)
  region size 1024K, 29 young (29696K), 2 survivors (2048K)
 Metaspace       used 40954K, committed 41408K, reserved 1114112K
  class space    used 5842K, committed 6016K, reserved 1048576K
}
Event: 2.540 GC heap after
{Heap after GC invocations=11 (full 0):
 garbage-first heap   total 65536K, used 21388K [0x0000000083e00000, 0x0000000100000000)
  region size 1024K, 3 young (3072K), 3 survivors (3072K)
 Metaspace       used 40954K, committed 41408K, reserved 1114112K
  class space    used 5842K, committed 6016K, reserved 1048576K
}
Event: 2.550 GC heap before
{Heap before GC invocations=11 (full 0):
 garbage-first heap   total 65536K, used 22412K [0x0000000083e00000, 0x0000000100000000)
  region size 1024K, 4 young (4096K), 3 survivors (3072K)
 Metaspace       used 41291K, committed 41728K, reserved 1114112K
  class space    used 5870K, committed 6080K, reserved 1048576K
}
Event: 2.554 GC heap after
{Heap after GC invocations=12 (full 0):
 garbage-first heap   total 65536K, used 21425K [0x0000000083e00000, 0x0000000100000000)
  region size 1024K, 1 young (1024K), 1 survivors (1024K)
 Metaspace       used 41291K, committed 41728K, reserved 1114112K
  class space    used 5870K, committed 6080K, reserved 1048576K
}
Event: 2.860 GC heap before
{Heap before GC invocations=12 (full 0):
 garbage-first heap   total 65536K, used 49073K [0x0000000083e00000, 0x0000000100000000)
  region size 1024K, 28 young (28672K), 1 survivors (1024K)
 Metaspace       used 48357K, committed 48832K, reserved 1114112K
  class space    used 7036K, committed 7296K, reserved 1048576K
}
Event: 2.864 GC heap after
{Heap after GC invocations=13 (full 0):
 garbage-first heap   total 143360K, used 22091K [0x0000000083e00000, 0x0000000100000000)
  region size 1024K, 1 young (1024K), 1 survivors (1024K)
 Metaspace       used 48357K, committed 48832K, reserved 1114112K
  class space    used 7036K, committed 7296K, reserved 1048576K
}
Event: 102.129 GC heap before
{Heap before GC invocations=13 (full 0):
 garbage-first heap   total 143360K, used 85579K [0x0000000083e00000, 0x0000000100000000)
  region size 1024K, 64 young (65536K), 1 survivors (1024K)
 Metaspace       used 59001K, committed 59520K, reserved 1114112K
  class space    used 8503K, committed 8768K, reserved 1048576K
}
Event: 102.148 GC heap after
{Heap after GC invocations=14 (full 0):
 garbage-first heap   total 143360K, used 26596K [0x0000000083e00000, 0x0000000100000000)
  region size 1024K, 6 young (6144K), 6 survivors (6144K)
 Metaspace       used 59001K, committed 59520K, reserved 1114112K
  class space    used 8503K, committed 8768K, reserved 1048576K
}

